生成启动时间为 2017/8/1 12:32:38。
     1>项目“D:\learning\C++\剑指offer\剑指offer\剑指offer.vcxproj”在节点 2 上(Build 个目标)。
     1>ClCompile:
         E:\Application\VS2015\VC\bin\x86_amd64\CL.exe /c /ZI /nologo /W3 /WX- /sdl /Od /D _DEBUG /D _CONSOLE /D _CRT_SECURE_NO_WARNINGS /D _UNICODE /D UNICODE /Gm /EHsc /RTC1 /MDd /GS /fp:precise /Zc:wchar_t /Zc:forScope /Zc:inline /Fo"x64\Debug\\" /Fd"x64\Debug\vc140.pdb" /Gd /TP /errorReport:prompt "20表示数值的字符串.cpp"
         20表示数值的字符串.cpp
       Link:
         E:\Application\VS2015\VC\bin\x86_amd64\link.exe /ERRORREPORT:PROMPT /OUT:"D:\learning\C++\剑指offer\x64\Debug\剑指offer.exe" /INCREMENTAL /NOLOGO kernel32.lib user32.lib gdi32.lib winspool.lib comdlg32.lib advapi32.lib shell32.lib ole32.lib oleaut32.lib uuid.lib odbc32.lib odbccp32.lib /MANIFEST /MANIFESTUAC:"level='asInvoker' uiAccess='false'" /manifest:embed /Debug /PDB:"D:\learning\C++\剑指offer\x64\Debug\剑指offer.pdb" /SUBSYSTEM:CONSOLE /TLBID:1 /DYNAMICBASE /NXCOMPAT /IMPLIB:"D:\learning\C++\剑指offer\x64\Debug\剑指offer.lib" /MACHINE:X64 x64\Debug\05temp.obj
         "x64\Debug\02两个数相加.obj"
         "x64\Debug\10二叉搜索树与双向链表.obj"
         "x64\Debug\04使用模版把数组拆分成前后两部分.obj"
         "x64\Debug\03在O(1)时间删除链表节点.obj"
         "x64\Debug\01打印1到最大的n位数.obj"
         "x64\Debug\08栈的压入_弹出序列.obj"
         "x64\Debug\06树的子结构.obj"
         "x64\Debug\09链表的复制.obj"
         "x64\Debug\07顺时针打印矩阵.obj"
         "x64\Debug\11字符排序.obj"
         "x64\Debug\12最小的k个数.obj"
         "x64\Debug\13数组排成最小的数.obj"
         "x64\Debug\14丑数.obj"
         "x64\Debug\15数组中和为S的两个数.obj"
         "x64\Debug\16反转句子单词.obj"
         "x64\Debug\17n个骰子的点数.obj"
         "x64\Debug\18_2求1+2+...+n.obj"
         "x64\Debug\18_1求1+2+...+n.obj"
         "x64\Debug\18_3求1+2+...+n.obj"
         "x64\Debug\18_4求1+2+...+n.obj"
         "x64\Debug\19_1不能被继承的类.obj"
         "x64\Debug\19_2不能被继承的类.obj"
         "x64\Debug\20表示数值的字符串.obj"
         剑指offer.vcxproj -> D:\learning\C++\剑指offer\x64\Debug\剑指offer.exe
     1>已完成生成项目“D:\learning\C++\剑指offer\剑指offer\剑指offer.vcxproj”(Build 个目标)的操作。

已成功生成。

已用时间 00:00:01.03
